{
  "stats": {
    "suites": 1,
    "tests": 2,
    "passes": 2,
    "pending": 0,
    "failures": 0,
    "start": "2020-12-19T09:36:22.289Z",
    "end": "2020-12-19T09:36:22.737Z",
    "duration": 448,
    "testsRegistered": 2,
    "passPercent": 100,
    "pendingPercent": 0,
    "other": 0,
    "hasOther": false,
    "skipped": 0,
    "hasSkipped": false
  },
  "results": [
    {
      "uuid": "48c2aea4-cfd4-474a-ac80-f89a7e69e8dc",
      "title": "",
      "fullFile": "cypress/integration/timer.spec.js",
      "file": "cypress/integration/timer.spec.js",
      "beforeHooks": [],
      "afterHooks": [],
      "tests": [],
      "suites": [
        {
          "uuid": "08770f86-4cc7-45a9-be9f-b56d771eb06f",
          "title": "timer app tests",
          "fullFile": "",
          "file": "",
          "beforeHooks": [],
          "afterHooks": [],
          "tests": [
            {
              "title": "should test start of Async functionalities",
              "fullTitle": "timer app tests should test start of Async functionalities",
              "timedOut": null,
              "duration": 193,
              "state": "passed",
              "speed": "slow",
              "pass": true,
              "fail": false,
              "pending": false,
              "context": null,
              "code": "cy.get(\"#start\").click();\ncy.tick(10000);\ncy.get(\"#count\").should(\"contain\", \"10\");\ncy.tick(2000);\ncy.get(\"#count\").should(\"contain\", \"12\");",
              "err": {},
              "uuid": "664cd54d-acfd-4a67-8e3a-2f41b7bff11d",
              "parentUUID": "08770f86-4cc7-45a9-be9f-b56d771eb06f",
              "isHook": false,
              "skipped": false
            },
            {
              "title": "should test stop/clearing of Async functionalities",
              "fullTitle": "timer app tests should test stop/clearing of Async functionalities",
              "timedOut": null,
              "duration": 234,
              "state": "passed",
              "speed": "slow",
              "pass": true,
              "fail": false,
              "pending": false,
              "context": null,
              "code": "cy.get(\"#start\").click();\ncy.tick(1000);\ncy.get(\"#count\").should(\"contain\", \"1\");\ncy.get(\"#stop\").click();\ncy.tick(1000);\ncy.get(\"#count\").should(\"contain\", \"1\");\ncy.tick(10000);\ncy.get(\"#count\").should(\"contain\", \"1\");",
              "err": {},
              "uuid": "64b1aaa9-e832-456f-ba8a-e7f7cb4c4b53",
              "parentUUID": "08770f86-4cc7-45a9-be9f-b56d771eb06f",
              "isHook": false,
              "skipped": false
            }
          ],
          "suites": [],
          "passes": [
            "664cd54d-acfd-4a67-8e3a-2f41b7bff11d",
            "64b1aaa9-e832-456f-ba8a-e7f7cb4c4b53"
          ],
          "failures": [],
          "pending": [],
          "skipped": [],
          "duration": 427,
          "root": false,
          "rootEmpty": false,
          "_timeout": 2000
        }
      ],
      "passes": [],
      "failures": [],
      "pending": [],
      "skipped": [],
      "duration": 0,
      "root": true,
      "rootEmpty": true,
      "_timeout": 2000
    }
  ],
  "meta": {
    "mocha": {
      "version": "7.0.1"
    },
    "mochawesome": {
      "options": {
        "quiet": false,
        "reportFilename": "mochawesome",
        "saveHtml": false,
        "saveJson": true,
        "consoleReporter": "spec",
        "useInlineDiffs": false,
        "code": true
      },
      "version": "6.2.1"
    },
    "marge": {
      "options": {
        "reportDir": "results",
        "overwrite": true,
        "html": false,
        "json": true
      },
      "version": "5.1.0"
    }
  }
}