{
  "stats": {
    "suites": 4,
    "tests": 3,
    "passes": 3,
    "pending": 0,
    "failures": 0,
    "start": "2020-12-23T14:34:29.750Z",
    "end": "2020-12-23T14:34:31.449Z",
    "duration": 1699,
    "testsRegistered": 3,
    "passPercent": 100,
    "pendingPercent": 0,
    "other": 0,
    "hasOther": false,
    "skipped": 0,
    "hasSkipped": false
  },
  "results": [
    {
      "uuid": "0b36f4f6-a30c-43fe-8813-78ba0f2fcb31",
      "title": "",
      "fullFile": "cypress/integration/todoApp.spec.js",
      "file": "cypress/integration/todoApp.spec.js",
      "beforeHooks": [],
      "afterHooks": [],
      "tests": [],
      "suites": [
        {
          "uuid": "42fbdf8f-86d4-43db-b447-32c31d678ea4",
          "title": "Todo app tests",
          "fullFile": "",
          "file": "",
          "beforeHooks": [],
          "afterHooks": [],
          "tests": [],
          "suites": [
            {
              "uuid": "8927881f-2654-4f84-ad84-894874bba8ae",
              "title": "Mobile tests",
              "fullFile": "",
              "file": "",
              "beforeHooks": [],
              "afterHooks": [],
              "tests": [
                {
                  "title": "should test background color of app",
                  "fullTitle": "Todo app tests Mobile tests should test background color of app",
                  "timedOut": null,
                  "duration": 801,
                  "state": "passed",
                  "speed": "slow",
                  "pass": true,
                  "fail": false,
                  "pending": false,
                  "context": null,
                  "code": "cy.get(\".app\").should(\"have.css\", \"backgroundColor\", \"rgb(70, 130, 180)\");",
                  "err": {},
                  "uuid": "ccc4a827-db98-4ac4-83ef-2880bcf6748c",
                  "parentUUID": "8927881f-2654-4f84-ad84-894874bba8ae",
                  "isHook": false,
                  "skipped": false
                }
              ],
              "suites": [],
              "passes": [
                "ccc4a827-db98-4ac4-83ef-2880bcf6748c"
              ],
              "failures": [],
              "pending": [],
              "skipped": [],
              "duration": 801,
              "root": false,
              "rootEmpty": false,
              "_timeout": 2000
            },
            {
              "uuid": "3749f671-5d7a-47e3-8b1b-712dd4c6c156",
              "title": "Tablet tests",
              "fullFile": "",
              "file": "",
              "beforeHooks": [],
              "afterHooks": [],
              "tests": [
                {
                  "title": "should test background color of app",
                  "fullTitle": "Todo app tests Tablet tests should test background color of app",
                  "timedOut": null,
                  "duration": 147,
                  "state": "passed",
                  "speed": "slow",
                  "pass": true,
                  "fail": false,
                  "pending": false,
                  "context": null,
                  "code": "cy.get(\".app\").should(\"have.css\", \"backgroundColor\", \"rgb(255, 69, 0)\");",
                  "err": {},
                  "uuid": "4e243f80-0cb3-4997-8df2-d002afdf2542",
                  "parentUUID": "3749f671-5d7a-47e3-8b1b-712dd4c6c156",
                  "isHook": false,
                  "skipped": false
                }
              ],
              "suites": [],
              "passes": [
                "4e243f80-0cb3-4997-8df2-d002afdf2542"
              ],
              "failures": [],
              "pending": [],
              "skipped": [],
              "duration": 147,
              "root": false,
              "rootEmpty": false,
              "_timeout": 2000
            },
            {
              "uuid": "957f4413-8774-4b10-add0-4fb396101961",
              "title": "Laptop tests",
              "fullFile": "",
              "file": "",
              "beforeHooks": [],
              "afterHooks": [],
              "tests": [
                {
                  "title": "should test background color of app",
                  "fullTitle": "Todo app tests Laptop tests should test background color of app",
                  "timedOut": null,
                  "duration": 127,
                  "state": "passed",
                  "speed": "slow",
                  "pass": true,
                  "fail": false,
                  "pending": false,
                  "context": null,
                  "code": "cy.get(\".app\").should(\"have.css\", \"backgroundColor\", \"rgb(46, 139, 87)\");",
                  "err": {},
                  "uuid": "f3a99085-7619-4da5-95b5-029b2e7e23a4",
                  "parentUUID": "957f4413-8774-4b10-add0-4fb396101961",
                  "isHook": false,
                  "skipped": false
                }
              ],
              "suites": [],
              "passes": [
                "f3a99085-7619-4da5-95b5-029b2e7e23a4"
              ],
              "failures": [],
              "pending": [],
              "skipped": [],
              "duration": 127,
              "root": false,
              "rootEmpty": false,
              "_timeout": 2000
            }
          ],
          "passes": [],
          "failures": [],
          "pending": [],
          "skipped": [],
          "duration": 0,
          "root": false,
          "rootEmpty": false,
          "_timeout": 2000
        }
      ],
      "passes": [],
      "failures": [],
      "pending": [],
      "skipped": [],
      "duration": 0,
      "root": true,
      "rootEmpty": true,
      "_timeout": 2000
    }
  ],
  "meta": {
    "mocha": {
      "version": "7.0.1"
    },
    "mochawesome": {
      "options": {
        "quiet": false,
        "reportFilename": "mochawesome",
        "saveHtml": false,
        "saveJson": true,
        "consoleReporter": "spec",
        "useInlineDiffs": false,
        "code": true
      },
      "version": "6.2.1"
    },
    "marge": {
      "options": {
        "reportDir": "results",
        "overwrite": true,
        "html": false,
        "json": true
      },
      "version": "5.1.0"
    }
  }
}