{
  "stats": {
    "suites": 1,
    "tests": 2,
    "passes": 2,
    "pending": 0,
    "failures": 0,
    "start": "2020-12-14T16:04:20.163Z",
    "end": "2020-12-14T16:04:20.729Z",
    "duration": 566,
    "testsRegistered": 2,
    "passPercent": 100,
    "pendingPercent": 0,
    "other": 0,
    "hasOther": false,
    "skipped": 0,
    "hasSkipped": false
  },
  "results": [
    {
      "uuid": "5ba96cde-66d8-47c2-b5de-ce9a4a432d6f",
      "title": "",
      "fullFile": "cypress/integration/counter.spec.js",
      "file": "cypress/integration/counter.spec.js",
      "beforeHooks": [],
      "afterHooks": [],
      "tests": [],
      "suites": [
        {
          "uuid": "0de93e1f-e5bb-4f09-85cc-cb9b80eb9add",
          "title": "Counter app tests",
          "fullFile": "",
          "file": "",
          "beforeHooks": [],
          "afterHooks": [],
          "tests": [
            {
              "title": "should test counter app decrement functionality",
              "fullTitle": "Counter app tests should test counter app decrement functionality",
              "timedOut": null,
              "duration": 282,
              "state": "passed",
              "speed": "slow",
              "pass": true,
              "fail": false,
              "pending": false,
              "context": null,
              "code": "cy.get(\"#decrementButton\").click();\ncy.get(\"#count\").should(\"contain\", \"-1\");\ncy.get(\"#decrementButton\").click();\ncy.get(\"#count\").should(\"contain\", \"-2\");",
              "err": {},
              "uuid": "06eb0d3d-292a-4634-ba2d-f4d2106cce0d",
              "parentUUID": "0de93e1f-e5bb-4f09-85cc-cb9b80eb9add",
              "isHook": false,
              "skipped": false
            },
            {
              "title": "should test counter app increment functionality",
              "fullTitle": "Counter app tests should test counter app increment functionality",
              "timedOut": null,
              "duration": 245,
              "state": "passed",
              "speed": "slow",
              "pass": true,
              "fail": false,
              "pending": false,
              "context": null,
              "code": "cy.get(\"#incrementButton\").click();\ncy.get(\"#count\").should(\"contain\", \"1\");\ncy.get(\"#incrementButton\").click();\ncy.get(\"#count\").should(\"contain\", \"2\");",
              "err": {},
              "uuid": "bca67f84-40d4-43fa-bd2a-00946c32a277",
              "parentUUID": "0de93e1f-e5bb-4f09-85cc-cb9b80eb9add",
              "isHook": false,
              "skipped": false
            }
          ],
          "suites": [],
          "passes": [
            "06eb0d3d-292a-4634-ba2d-f4d2106cce0d",
            "bca67f84-40d4-43fa-bd2a-00946c32a277"
          ],
          "failures": [],
          "pending": [],
          "skipped": [],
          "duration": 527,
          "root": false,
          "rootEmpty": false,
          "_timeout": 2000
        }
      ],
      "passes": [],
      "failures": [],
      "pending": [],
      "skipped": [],
      "duration": 0,
      "root": true,
      "rootEmpty": true,
      "_timeout": 2000
    }
  ],
  "meta": {
    "mocha": {
      "version": "7.0.1"
    },
    "mochawesome": {
      "options": {
        "quiet": false,
        "reportFilename": "mochawesome",
        "saveHtml": false,
        "saveJson": true,
        "consoleReporter": "spec",
        "useInlineDiffs": false,
        "code": true
      },
      "version": "6.2.1"
    },
    "marge": {
      "options": {
        "reportDir": "results",
        "overwrite": true,
        "html": false,
        "json": true
      },
      "version": "5.1.0"
    }
  }
}