{
  "stats": {
    "suites": 1,
    "tests": 2,
    "passes": 2,
    "pending": 0,
    "failures": 0,
    "start": "2020-12-19T05:07:43.581Z",
    "end": "2020-12-19T05:07:44.133Z",
    "duration": 552,
    "testsRegistered": 2,
    "passPercent": 100,
    "pendingPercent": 0,
    "other": 0,
    "hasOther": false,
    "skipped": 0,
    "hasSkipped": false
  },
  "results": [
    {
      "uuid": "51d1845b-f1d8-4274-926c-627d4f39b576",
      "title": "",
      "fullFile": "cypress/integration/counter.spec.js",
      "file": "cypress/integration/counter.spec.js",
      "beforeHooks": [],
      "afterHooks": [],
      "tests": [],
      "suites": [
        {
          "uuid": "bf440991-9827-432d-a91b-7ed09bd89b76",
          "title": "Counter app tests",
          "fullFile": "",
          "file": "",
          "beforeHooks": [],
          "afterHooks": [],
          "tests": [
            {
              "title": "should test counter app decrement functionality",
              "fullTitle": "Counter app tests should test counter app decrement functionality",
              "timedOut": null,
              "duration": 286,
              "state": "passed",
              "speed": "slow",
              "pass": true,
              "fail": false,
              "pending": false,
              "context": null,
              "code": "cy.get(\"#decrementButton\").click();\ncy.get(\"#count\").should(\"contain\", \"-1\");\ncy.get(\"#decrementButton\").click();\ncy.get(\"#count\").should(\"contain\", \"-2\");",
              "err": {},
              "uuid": "01aff36a-40ea-4494-ab2e-d1ce49327a9c",
              "parentUUID": "bf440991-9827-432d-a91b-7ed09bd89b76",
              "isHook": false,
              "skipped": false
            },
            {
              "title": "should test counter app increment functionality",
              "fullTitle": "Counter app tests should test counter app increment functionality",
              "timedOut": null,
              "duration": 226,
              "state": "passed",
              "speed": "slow",
              "pass": true,
              "fail": false,
              "pending": false,
              "context": null,
              "code": "cy.get(\"#incrementButton\").click();\ncy.get(\"#count\").should(\"contain\", \"1\");\ncy.get(\"#incrementButton\").click();\ncy.get(\"#count\").should(\"contain\", \"2\");",
              "err": {},
              "uuid": "3e03153d-b144-41d0-8766-3e3b6b0671f1",
              "parentUUID": "bf440991-9827-432d-a91b-7ed09bd89b76",
              "isHook": false,
              "skipped": false
            }
          ],
          "suites": [],
          "passes": [
            "01aff36a-40ea-4494-ab2e-d1ce49327a9c",
            "3e03153d-b144-41d0-8766-3e3b6b0671f1"
          ],
          "failures": [],
          "pending": [],
          "skipped": [],
          "duration": 512,
          "root": false,
          "rootEmpty": false,
          "_timeout": 2000
        }
      ],
      "passes": [],
      "failures": [],
      "pending": [],
      "skipped": [],
      "duration": 0,
      "root": true,
      "rootEmpty": true,
      "_timeout": 2000
    }
  ],
  "meta": {
    "mocha": {
      "version": "7.0.1"
    },
    "mochawesome": {
      "options": {
        "quiet": false,
        "reportFilename": "mochawesome",
        "saveHtml": false,
        "saveJson": true,
        "consoleReporter": "spec",
        "useInlineDiffs": false,
        "code": true
      },
      "version": "6.2.1"
    },
    "marge": {
      "options": {
        "reportDir": "results",
        "overwrite": true,
        "html": false,
        "json": true
      },
      "version": "5.1.0"
    }
  }
}