{
  "stats": {
    "suites": 1,
    "tests": 2,
    "passes": 2,
    "pending": 0,
    "failures": 0,
    "start": "2020-12-19T06:45:43.906Z",
    "end": "2020-12-19T06:45:44.604Z",
    "duration": 698,
    "testsRegistered": 2,
    "passPercent": 100,
    "pendingPercent": 0,
    "other": 0,
    "hasOther": false,
    "skipped": 0,
    "hasSkipped": false
  },
  "results": [
    {
      "uuid": "854b9183-9f21-4bc6-b268-ba5327d9ae4b",
      "title": "",
      "fullFile": "cypress/integration/counter.spec.js",
      "file": "cypress/integration/counter.spec.js",
      "beforeHooks": [],
      "afterHooks": [],
      "tests": [],
      "suites": [
        {
          "uuid": "e2d51dae-f7e7-4a7c-9177-40d831cd491e",
          "title": "Counter app tests",
          "fullFile": "",
          "file": "",
          "beforeHooks": [],
          "afterHooks": [],
          "tests": [
            {
              "title": "should test counter app decrement functionality",
              "fullTitle": "Counter app tests should test counter app decrement functionality",
              "timedOut": null,
              "duration": 453,
              "state": "passed",
              "speed": "slow",
              "pass": true,
              "fail": false,
              "pending": false,
              "context": null,
              "code": "cy.get(\"#decrementButton\").click();\ncy.get(\"#count\").should(\"contain\", \"-1\");\ncy.get(\"#decrementButton\").click();\ncy.get(\"#count\").should(\"contain\", \"-2\");",
              "err": {},
              "uuid": "3a607bbe-9e55-4653-bbba-29c1618752f6",
              "parentUUID": "e2d51dae-f7e7-4a7c-9177-40d831cd491e",
              "isHook": false,
              "skipped": false
            },
            {
              "title": "should test counter app increment functionality",
              "fullTitle": "Counter app tests should test counter app increment functionality",
              "timedOut": null,
              "duration": 225,
              "state": "passed",
              "speed": "slow",
              "pass": true,
              "fail": false,
              "pending": false,
              "context": null,
              "code": "cy.get(\"#incrementButton\").click();\ncy.get(\"#count\").should(\"contain\", \"1\");\ncy.get(\"#incrementButton\").click();\ncy.get(\"#count\").should(\"contain\", \"2\");",
              "err": {},
              "uuid": "8cf0965c-442a-40e2-a2bf-2f22eb027c2b",
              "parentUUID": "e2d51dae-f7e7-4a7c-9177-40d831cd491e",
              "isHook": false,
              "skipped": false
            }
          ],
          "suites": [],
          "passes": [
            "3a607bbe-9e55-4653-bbba-29c1618752f6",
            "8cf0965c-442a-40e2-a2bf-2f22eb027c2b"
          ],
          "failures": [],
          "pending": [],
          "skipped": [],
          "duration": 678,
          "root": false,
          "rootEmpty": false,
          "_timeout": 2000
        }
      ],
      "passes": [],
      "failures": [],
      "pending": [],
      "skipped": [],
      "duration": 0,
      "root": true,
      "rootEmpty": true,
      "_timeout": 2000
    }
  ],
  "meta": {
    "mocha": {
      "version": "7.0.1"
    },
    "mochawesome": {
      "options": {
        "quiet": false,
        "reportFilename": "mochawesome",
        "saveHtml": false,
        "saveJson": true,
        "consoleReporter": "spec",
        "useInlineDiffs": false,
        "code": true
      },
      "version": "6.2.1"
    },
    "marge": {
      "options": {
        "reportDir": "results",
        "overwrite": true,
        "html": false,
        "json": true
      },
      "version": "5.1.0"
    }
  }
}